{"C:\\DwellTT\\Kanigam\\vuejob\\src\\App.vue": {"path":"C:\\DwellTT\\Kanigam\\vuejob\\src\\App.vue","statementMap":{"0":{"start":{"line":25,"column":0},"end":{"line":25,"column":null}},"1":{"start":{"line":26,"column":0},"end":{"line":26,"column":null}},"2":{"start":{"line":33,"column":0},"end":{"line":33,"column":null}},"3":{"start":{"line":43,"column":0},"end":{"line":43,"column":null}},"4":{"start":{"line":44,"column":0},"end":{"line":67,"column":null}},"5":{"start":{"line":45,"column":0},"end":{"line":45,"column":null}},"6":{"start":{"line":46,"column":0},"end":{"line":46,"column":null}},"7":{"start":{"line":47,"column":0},"end":{"line":47,"column":null}},"8":{"start":{"line":50,"column":0},"end":{"line":63,"column":null}},"9":{"start":{"line":52,"column":0},"end":{"line":52,"column":null}},"10":{"start":{"line":53,"column":0},"end":{"line":53,"column":null}},"11":{"start":{"line":56,"column":0},"end":{"line":56,"column":null}},"12":{"start":{"line":57,"column":0},"end":{"line":63,"column":null}},"13":{"start":{"line":59,"column":0},"end":{"line":59,"column":null}},"14":{"start":{"line":60,"column":0},"end":{"line":60,"column":null}},"15":{"start":{"line":62,"column":0},"end":{"line":62,"column":null}},"16":{"start":{"line":65,"column":0},"end":{"line":65,"column":null}}},"fnMap":{"0":{"name":"(anonymous_1)","decl":{"start":{"line":32,"column":0},"end":{"line":32,"column":null}},"loc":{"start":{"line":32,"column":0},"end":{"line":40,"column":null}}},"1":{"name":"(anonymous_2)","decl":{"start":{"line":42,"column":0},"end":{"line":42,"column":null}},"loc":{"start":{"line":42,"column":0},"end":{"line":68,"column":null}}}},"branchMap":{"0":{"loc":{"start":{"line":44,"column":0},"end":{"line":67,"column":null}},"type":"if","locations":[{"start":{"line":44,"column":0},"end":{"line":67,"column":null}},{"start":{"line":44,"column":0},"end":{"line":67,"column":null}}]},"1":{"loc":{"start":{"line":50,"column":0},"end":{"line":63,"column":null}},"type":"if","locations":[{"start":{"line":50,"column":0},"end":{"line":63,"column":null}},{"start":{"line":50,"column":0},"end":{"line":63,"column":null}}]},"2":{"loc":{"start":{"line":57,"column":0},"end":{"line":63,"column":null}},"type":"if","locations":[{"start":{"line":57,"column":0},"end":{"line":63,"column":null}},{"start":{"line":57,"column":0},"end":{"line":63,"column":null}}]}},"s":{"0":1,"1":1,"2":2,"3":0,"4":0,"5":0,"6":0,"7":0,"8":0,"9":0,"10":0,"11":0,"12":0,"13":0,"14":0,"15":0,"16":0},"f":{"0":2,"1":0},"b":{"0":[0,0],"1":[0,0],"2":[0,0]}}
,"C:\\DwellTT\\Kanigam\\vuejob\\src\\views\\Candidate.vue": {"path":"C:\\DwellTT\\Kanigam\\vuejob\\src\\views\\Candidate.vue","statementMap":{"0":{"start":{"line":79,"column":0},"end":{"line":79,"column":null}},"1":{"start":{"line":114,"column":0},"end":{"line":114,"column":null}},"2":{"start":{"line":129,"column":0},"end":{"line":129,"column":null}},"3":{"start":{"line":131,"column":0},"end":{"line":131,"column":null}},"4":{"start":{"line":132,"column":0},"end":{"line":132,"column":null}},"5":{"start":{"line":133,"column":0},"end":{"line":133,"column":null}},"6":{"start":{"line":134,"column":0},"end":{"line":134,"column":null}},"7":{"start":{"line":135,"column":0},"end":{"line":135,"column":null}},"8":{"start":{"line":139,"column":0},"end":{"line":139,"column":null}},"9":{"start":{"line":140,"column":0},"end":{"line":140,"column":null}},"10":{"start":{"line":141,"column":0},"end":{"line":141,"column":null}},"11":{"start":{"line":145,"column":0},"end":{"line":145,"column":null}},"12":{"start":{"line":150,"column":0},"end":{"line":172,"column":null}},"13":{"start":{"line":151,"column":0},"end":{"line":151,"column":null}},"14":{"start":{"line":157,"column":0},"end":{"line":157,"column":null}},"15":{"start":{"line":158,"column":0},"end":{"line":158,"column":null}},"16":{"start":{"line":159,"column":0},"end":{"line":170,"column":null}},"17":{"start":{"line":160,"column":0},"end":{"line":160,"column":null}},"18":{"start":{"line":162,"column":0},"end":{"line":162,"column":null}},"19":{"start":{"line":166,"column":0},"end":{"line":166,"column":null}},"20":{"start":{"line":167,"column":0},"end":{"line":167,"column":null}},"21":{"start":{"line":169,"column":0},"end":{"line":169,"column":null}}},"fnMap":{"0":{"name":"(anonymous_1)","decl":{"start":{"line":78,"column":0},"end":{"line":78,"column":null}},"loc":{"start":{"line":78,"column":0},"end":{"line":107,"column":null}}},"1":{"name":"(anonymous_2)","decl":{"start":{"line":109,"column":0},"end":{"line":109,"column":null}},"loc":{"start":{"line":109,"column":0},"end":{"line":127,"column":null}}},"2":{"name":"(anonymous_3)","decl":{"start":{"line":128,"column":0},"end":{"line":128,"column":null}},"loc":{"start":{"line":128,"column":0},"end":{"line":137,"column":null}}},"3":{"name":"(anonymous_4)","decl":{"start":{"line":138,"column":0},"end":{"line":138,"column":null}},"loc":{"start":{"line":138,"column":0},"end":{"line":147,"column":null}}},"4":{"name":"(anonymous_5)","decl":{"start":{"line":148,"column":0},"end":{"line":148,"column":null}},"loc":{"start":{"line":148,"column":0},"end":{"line":174,"column":null}}}},"branchMap":{"0":{"loc":{"start":{"line":150,"column":0},"end":{"line":172,"column":null}},"type":"if","locations":[{"start":{"line":150,"column":0},"end":{"line":172,"column":null}},{"start":{"line":150,"column":0},"end":{"line":172,"column":null}}]},"1":{"loc":{"start":{"line":159,"column":0},"end":{"line":170,"column":null}},"type":"if","locations":[{"start":{"line":159,"column":0},"end":{"line":170,"column":null}},{"start":{"line":159,"column":0},"end":{"line":170,"column":null}}]}},"s":{"0":0,"1":0,"2":0,"3":0,"4":0,"5":0,"6":0,"7":0,"8":0,"9":0,"10":0,"11":0,"12":0,"13":0,"14":0,"15":0,"16":0,"17":0,"18":0,"19":0,"20":0,"21":0},"f":{"0":0,"1":0,"2":0,"3":0,"4":0},"b":{"0":[0,0],"1":[0,0]}}
,"C:\\DwellTT\\Kanigam\\vuejob\\src\\views\\Recruiter.vue": {"path":"C:\\DwellTT\\Kanigam\\vuejob\\src\\views\\Recruiter.vue","statementMap":{"0":{"start":{"line":175,"column":0},"end":{"line":175,"column":null}},"1":{"start":{"line":199,"column":0},"end":{"line":215,"column":null}},"2":{"start":{"line":200,"column":0},"end":{"line":200,"column":null}},"3":{"start":{"line":207,"column":0},"end":{"line":214,"column":null}},"4":{"start":{"line":208,"column":0},"end":{"line":208,"column":null}},"5":{"start":{"line":209,"column":0},"end":{"line":209,"column":null}},"6":{"start":{"line":210,"column":0},"end":{"line":210,"column":null}},"7":{"start":{"line":211,"column":0},"end":{"line":211,"column":null}},"8":{"start":{"line":213,"column":0},"end":{"line":213,"column":null}},"9":{"start":{"line":218,"column":0},"end":{"line":254,"column":null}},"10":{"start":{"line":221,"column":0},"end":{"line":251,"column":null}},"11":{"start":{"line":222,"column":0},"end":{"line":222,"column":null}},"12":{"start":{"line":228,"column":0},"end":{"line":228,"column":null}},"13":{"start":{"line":229,"column":0},"end":{"line":229,"column":null}},"14":{"start":{"line":238,"column":0},"end":{"line":250,"column":null}},"15":{"start":{"line":239,"column":0},"end":{"line":239,"column":null}},"16":{"start":{"line":241,"column":0},"end":{"line":241,"column":null}},"17":{"start":{"line":245,"column":0},"end":{"line":245,"column":null}},"18":{"start":{"line":246,"column":0},"end":{"line":246,"column":null}},"19":{"start":{"line":248,"column":0},"end":{"line":248,"column":null}},"20":{"start":{"line":253,"column":0},"end":{"line":253,"column":null}},"21":{"start":{"line":258,"column":0},"end":{"line":288,"column":null}},"22":{"start":{"line":261,"column":0},"end":{"line":261,"column":null}},"23":{"start":{"line":262,"column":0},"end":{"line":262,"column":null}},"24":{"start":{"line":271,"column":0},"end":{"line":287,"column":null}},"25":{"start":{"line":273,"column":0},"end":{"line":273,"column":null}},"26":{"start":{"line":275,"column":0},"end":{"line":275,"column":null}},"27":{"start":{"line":283,"column":0},"end":{"line":283,"column":null}},"28":{"start":{"line":284,"column":0},"end":{"line":284,"column":null}},"29":{"start":{"line":286,"column":0},"end":{"line":286,"column":null}},"30":{"start":{"line":292,"column":0},"end":{"line":292,"column":null}},"31":{"start":{"line":293,"column":0},"end":{"line":293,"column":null}},"32":{"start":{"line":294,"column":0},"end":{"line":294,"column":null}},"33":{"start":{"line":295,"column":0},"end":{"line":295,"column":null}},"34":{"start":{"line":296,"column":0},"end":{"line":296,"column":null}},"35":{"start":{"line":297,"column":0},"end":{"line":297,"column":null}},"36":{"start":{"line":298,"column":0},"end":{"line":298,"column":null}},"37":{"start":{"line":299,"column":0},"end":{"line":299,"column":null}},"38":{"start":{"line":304,"column":0},"end":{"line":304,"column":null}},"39":{"start":{"line":311,"column":0},"end":{"line":311,"column":null}},"40":{"start":{"line":312,"column":0},"end":{"line":312,"column":null}},"41":{"start":{"line":313,"column":0},"end":{"line":313,"column":null}},"42":{"start":{"line":314,"column":0},"end":{"line":314,"column":null}},"43":{"start":{"line":315,"column":0},"end":{"line":315,"column":null}},"44":{"start":{"line":316,"column":0},"end":{"line":316,"column":null}},"45":{"start":{"line":318,"column":0},"end":{"line":318,"column":null}},"46":{"start":{"line":328,"column":0},"end":{"line":328,"column":null}},"47":{"start":{"line":332,"column":0},"end":{"line":332,"column":null}},"48":{"start":{"line":333,"column":0},"end":{"line":333,"column":null}},"49":{"start":{"line":334,"column":0},"end":{"line":334,"column":null}},"50":{"start":{"line":336,"column":0},"end":{"line":336,"column":null}},"51":{"start":{"line":337,"column":0},"end":{"line":337,"column":null}},"52":{"start":{"line":338,"column":0},"end":{"line":338,"column":null}},"53":{"start":{"line":339,"column":0},"end":{"line":339,"column":null}},"54":{"start":{"line":340,"column":0},"end":{"line":340,"column":null}},"55":{"start":{"line":348,"column":0},"end":{"line":348,"column":null}},"56":{"start":{"line":349,"column":0},"end":{"line":349,"column":null}},"57":{"start":{"line":350,"column":0},"end":{"line":350,"column":null}},"58":{"start":{"line":351,"column":0},"end":{"line":351,"column":null}},"59":{"start":{"line":352,"column":0},"end":{"line":352,"column":null}},"60":{"start":{"line":353,"column":0},"end":{"line":353,"column":null}},"61":{"start":{"line":354,"column":0},"end":{"line":354,"column":null}}},"fnMap":{"0":{"name":"(anonymous_1)","decl":{"start":{"line":174,"column":0},"end":{"line":174,"column":null}},"loc":{"start":{"line":174,"column":0},"end":{"line":196,"column":null}}},"1":{"name":"(anonymous_2)","decl":{"start":{"line":198,"column":0},"end":{"line":198,"column":null}},"loc":{"start":{"line":198,"column":0},"end":{"line":216,"column":null}}},"2":{"name":"(anonymous_3)","decl":{"start":{"line":217,"column":0},"end":{"line":217,"column":null}},"loc":{"start":{"line":217,"column":0},"end":{"line":255,"column":null}}},"3":{"name":"(anonymous_4)","decl":{"start":{"line":256,"column":0},"end":{"line":256,"column":null}},"loc":{"start":{"line":256,"column":0},"end":{"line":289,"column":null}}},"4":{"name":"(anonymous_5)","decl":{"start":{"line":290,"column":0},"end":{"line":290,"column":null}},"loc":{"start":{"line":290,"column":0},"end":{"line":309,"column":null}}},"5":{"name":"(anonymous_6)","decl":{"start":{"line":310,"column":0},"end":{"line":310,"column":null}},"loc":{"start":{"line":310,"column":0},"end":{"line":326,"column":null}}},"6":{"name":"(anonymous_7)","decl":{"start":{"line":327,"column":0},"end":{"line":327,"column":null}},"loc":{"start":{"line":327,"column":0},"end":{"line":330,"column":null}}},"7":{"name":"(anonymous_8)","decl":{"start":{"line":331,"column":0},"end":{"line":331,"column":null}},"loc":{"start":{"line":331,"column":0},"end":{"line":342,"column":null}}},"8":{"name":"(anonymous_9)","decl":{"start":{"line":343,"column":0},"end":{"line":343,"column":null}},"loc":{"start":{"line":343,"column":0},"end":{"line":357,"column":null}}}},"branchMap":{"0":{"loc":{"start":{"line":199,"column":0},"end":{"line":215,"column":null}},"type":"if","locations":[{"start":{"line":199,"column":0},"end":{"line":215,"column":null}},{"start":{"line":199,"column":0},"end":{"line":215,"column":null}}]},"1":{"loc":{"start":{"line":207,"column":0},"end":{"line":214,"column":null}},"type":"if","locations":[{"start":{"line":207,"column":0},"end":{"line":214,"column":null}},{"start":{"line":207,"column":0},"end":{"line":214,"column":null}}]},"2":{"loc":{"start":{"line":218,"column":0},"end":{"line":254,"column":null}},"type":"if","locations":[{"start":{"line":218,"column":0},"end":{"line":254,"column":null}},{"start":{"line":218,"column":0},"end":{"line":254,"column":null}}]},"3":{"loc":{"start":{"line":218,"column":0},"end":{"line":218,"column":null}},"type":"binary-expr","locations":[{"start":{"line":218,"column":0},"end":{"line":218,"column":null}},{"start":{"line":218,"column":0},"end":{"line":218,"column":null}},{"start":{"line":218,"column":0},"end":{"line":218,"column":null}},{"start":{"line":218,"column":0},"end":{"line":218,"column":null}}]},"4":{"loc":{"start":{"line":221,"column":0},"end":{"line":251,"column":null}},"type":"if","locations":[{"start":{"line":221,"column":0},"end":{"line":251,"column":null}},{"start":{"line":221,"column":0},"end":{"line":251,"column":null}}]},"5":{"loc":{"start":{"line":238,"column":0},"end":{"line":250,"column":null}},"type":"if","locations":[{"start":{"line":238,"column":0},"end":{"line":250,"column":null}},{"start":{"line":238,"column":0},"end":{"line":250,"column":null}}]},"6":{"loc":{"start":{"line":258,"column":0},"end":{"line":288,"column":null}},"type":"if","locations":[{"start":{"line":258,"column":0},"end":{"line":288,"column":null}},{"start":{"line":258,"column":0},"end":{"line":288,"column":null}}]},"7":{"loc":{"start":{"line":271,"column":0},"end":{"line":287,"column":null}},"type":"if","locations":[{"start":{"line":271,"column":0},"end":{"line":287,"column":null}},{"start":{"line":271,"column":0},"end":{"line":287,"column":null}}]}},"s":{"0":1,"1":0,"2":0,"3":0,"4":0,"5":0,"6":0,"7":0,"8":0,"9":0,"10":0,"11":0,"12":0,"13":0,"14":0,"15":0,"16":0,"17":0,"18":0,"19":0,"20":0,"21":0,"22":0,"23":0,"24":0,"25":0,"26":0,"27":0,"28":0,"29":0,"30":0,"31":0,"32":0,"33":0,"34":0,"35":0,"36":0,"37":0,"38":0,"39":0,"40":0,"41":0,"42":0,"43":0,"44":0,"45":0,"46":0,"47":0,"48":0,"49":0,"50":0,"51":0,"52":0,"53":0,"54":0,"55":0,"56":0,"57":0,"58":0,"59":0,"60":0,"61":0},"f":{"0":1,"1":0,"2":0,"3":0,"4":0,"5":0,"6":0,"7":0,"8":0},"b":{"0":[0,0],"1":[0,0],"2":[0,0],"3":[0,0,0,0],"4":[0,0],"5":[0,0],"6":[0,0],"7":[0,0]}}
}
