TN:
SF:C:\DwellTT\Kanigam\vuejob\src\App.vue
FN:32,(anonymous_1)
FN:42,(anonymous_2)
FNF:2
FNH:1
FNDA:2,(anonymous_1)
FNDA:0,(anonymous_2)
DA:25,1
DA:26,1
DA:33,2
DA:43,0
DA:44,0
DA:45,0
DA:46,0
DA:47,0
DA:50,0
DA:52,0
DA:53,0
DA:56,0
DA:57,0
DA:59,0
DA:60,0
DA:62,0
DA:65,0
LF:17
LH:3
BRDA:44,0,0,0
BRDA:44,0,1,0
BRDA:50,1,0,0
BRDA:50,1,1,0
BRDA:57,2,0,0
BRDA:57,2,1,0
BRF:6
BRH:0
end_of_record
TN:
SF:C:\DwellTT\Kanigam\vuejob\src\views\Candidate.vue
FN:78,(anonymous_1)
FN:109,(anonymous_2)
FN:128,(anonymous_3)
FN:138,(anonymous_4)
FN:148,(anonymous_5)
FNF:5
FNH:0
FNDA:0,(anonymous_1)
FNDA:0,(anonymous_2)
FNDA:0,(anonymous_3)
FNDA:0,(anonymous_4)
FNDA:0,(anonymous_5)
DA:79,0
DA:114,0
DA:129,0
DA:131,0
DA:132,0
DA:133,0
DA:134,0
DA:135,0
DA:139,0
DA:140,0
DA:141,0
DA:145,0
DA:150,0
DA:151,0
DA:157,0
DA:158,0
DA:159,0
DA:160,0
DA:162,0
DA:166,0
DA:167,0
DA:169,0
LF:22
LH:0
BRDA:150,0,0,0
BRDA:150,0,1,0
BRDA:159,1,0,0
BRDA:159,1,1,0
BRF:4
BRH:0
end_of_record
TN:
SF:C:\DwellTT\Kanigam\vuejob\src\views\Recruiter.vue
FN:174,(anonymous_1)
FN:198,(anonymous_2)
FN:217,(anonymous_3)
FN:256,(anonymous_4)
FN:290,(anonymous_5)
FN:310,(anonymous_6)
FN:327,(anonymous_7)
FN:331,(anonymous_8)
FN:343,(anonymous_9)
FNF:9
FNH:1
FNDA:1,(anonymous_1)
FNDA:0,(anonymous_2)
FNDA:0,(anonymous_3)
FNDA:0,(anonymous_4)
FNDA:0,(anonymous_5)
FNDA:0,(anonymous_6)
FNDA:0,(anonymous_7)
FNDA:0,(anonymous_8)
FNDA:0,(anonymous_9)
DA:175,1
DA:199,0
DA:200,0
DA:207,0
DA:208,0
DA:209,0
DA:210,0
DA:211,0
DA:213,0
DA:218,0
DA:221,0
DA:222,0
DA:228,0
DA:229,0
DA:238,0
DA:239,0
DA:241,0
DA:245,0
DA:246,0
DA:248,0
DA:253,0
DA:258,0
DA:261,0
DA:262,0
DA:271,0
DA:273,0
DA:275,0
DA:283,0
DA:284,0
DA:286,0
DA:292,0
DA:293,0
DA:294,0
DA:295,0
DA:296,0
DA:297,0
DA:298,0
DA:299,0
DA:304,0
DA:311,0
DA:312,0
DA:313,0
DA:314,0
DA:315,0
DA:316,0
DA:318,0
DA:328,0
DA:332,0
DA:333,0
DA:334,0
DA:336,0
DA:337,0
DA:338,0
DA:339,0
DA:340,0
DA:348,0
DA:349,0
DA:350,0
DA:351,0
DA:352,0
DA:353,0
DA:354,0
LF:62
LH:1
BRDA:199,0,0,0
BRDA:199,0,1,0
BRDA:207,1,0,0
BRDA:207,1,1,0
BRDA:218,2,0,0
BRDA:218,2,1,0
BRDA:218,3,0,0
BRDA:218,3,1,0
BRDA:218,3,2,0
BRDA:218,3,3,0
BRDA:221,4,0,0
BRDA:221,4,1,0
BRDA:238,5,0,0
BRDA:238,5,1,0
BRDA:258,6,0,0
BRDA:258,6,1,0
BRDA:271,7,0,0
BRDA:271,7,1,0
BRF:18
BRH:0
end_of_record
